[0.577s] Invoking command in '/home/juan/ros2_ws/src/my_robot_controller': PYTHONPATH=/home/juan/ros2_ws/build/my_robot_controller/prefix_override:/home/juan/ros2_ws/install/my_robot_controller/lib/python3.10/site-packages:${PYTHONPATH} /usr/bin/python3 setup.py egg_info --egg-base ../../build/my_robot_controller build --build-base /home/juan/ros2_ws/build/my_robot_controller/build install --record /home/juan/ros2_ws/build/my_robot_controller/install.log --single-version-externally-managed
[0.754s] running egg_info
[0.754s] writing ../../build/my_robot_controller/my_robot_controller.egg-info/PKG-INFO
[0.755s] writing dependency_links to ../../build/my_robot_controller/my_robot_controller.egg-info/dependency_links.txt
[0.755s] writing entry points to ../../build/my_robot_controller/my_robot_controller.egg-info/entry_points.txt
[0.755s] writing requirements to ../../build/my_robot_controller/my_robot_controller.egg-info/requires.txt
[0.755s] writing top-level names to ../../build/my_robot_controller/my_robot_controller.egg-info/top_level.txt
[0.756s] reading manifest file '../../build/my_robot_controller/my_robot_controller.egg-info/SOURCES.txt'
[0.757s] writing manifest file '../../build/my_robot_controller/my_robot_controller.egg-info/SOURCES.txt'
[0.757s] running build
[0.757s] running build_py
[0.758s] running install
[0.758s] running install_lib
[0.759s] running install_data
[0.759s] running install_egg_info
[0.761s] removing '/home/juan/ros2_ws/install/my_robot_controller/lib/python3.10/site-packages/my_robot_controller-0.0.0-py3.10.egg-info' (and everything under it)
[0.761s] Copying ../../build/my_robot_controller/my_robot_controller.egg-info to /home/juan/ros2_ws/install/my_robot_controller/lib/python3.10/site-packages/my_robot_controller-0.0.0-py3.10.egg-info
[0.762s] running install_scripts
[0.777s] Installing 1_turtle_bot_teleop script to /home/juan/ros2_ws/install/my_robot_controller/lib/my_robot_controller
[0.777s] Installing 2_turtle_bot_interface script to /home/juan/ros2_ws/install/my_robot_controller/lib/my_robot_controller
[0.777s] Installing 3_turtle_bot_player script to /home/juan/ros2_ws/install/my_robot_controller/lib/my_robot_controller
[0.778s] writing list of installed files to '/home/juan/ros2_ws/build/my_robot_controller/install.log'
[0.797s] Invoked command in '/home/juan/ros2_ws/src/my_robot_controller' returned '0': PYTHONPATH=/home/juan/ros2_ws/build/my_robot_controller/prefix_override:/home/juan/ros2_ws/install/my_robot_controller/lib/python3.10/site-packages:${PYTHONPATH} /usr/bin/python3 setup.py egg_info --egg-base ../../build/my_robot_controller build --build-base /home/juan/ros2_ws/build/my_robot_controller/build install --record /home/juan/ros2_ws/build/my_robot_controller/install.log --single-version-externally-managed
