[0.532s] Invoking command in '/home/juan/ros2_ws/src/my_robot_controller': PYTHONPATH=/home/juan/ros2_ws/build/my_robot_controller/prefix_override:/home/juan/ros2_ws/install/my_robot_controller/lib/python3.10/site-packages:${PYTHONPATH} /usr/bin/python3 setup.py egg_info --egg-base ../../build/my_robot_controller build --build-base /home/juan/ros2_ws/build/my_robot_controller/build install --record /home/juan/ros2_ws/build/my_robot_controller/install.log --single-version-externally-managed
[0.693s] running egg_info
[0.693s] creating ../../build/my_robot_controller/my_robot_controller.egg-info
[0.693s] writing ../../build/my_robot_controller/my_robot_controller.egg-info/PKG-INFO
[0.693s] writing dependency_links to ../../build/my_robot_controller/my_robot_controller.egg-info/dependency_links.txt
[0.693s] writing entry points to ../../build/my_robot_controller/my_robot_controller.egg-info/entry_points.txt
[0.693s] writing requirements to ../../build/my_robot_controller/my_robot_controller.egg-info/requires.txt
[0.693s] writing top-level names to ../../build/my_robot_controller/my_robot_controller.egg-info/top_level.txt
[0.693s] writing manifest file '../../build/my_robot_controller/my_robot_controller.egg-info/SOURCES.txt'
[0.695s] reading manifest file '../../build/my_robot_controller/my_robot_controller.egg-info/SOURCES.txt'
[0.695s] writing manifest file '../../build/my_robot_controller/my_robot_controller.egg-info/SOURCES.txt'
[0.695s] running build
[0.695s] running build_py
[0.695s] creating /home/juan/ros2_ws/build/my_robot_controller/build
[0.695s] creating /home/juan/ros2_ws/build/my_robot_controller/build/lib
[0.695s] creating /home/juan/ros2_ws/build/my_robot_controller/build/lib/my_robot_controller
[0.695s] copying my_robot_controller/__init__.py -> /home/juan/ros2_ws/build/my_robot_controller/build/lib/my_robot_controller
[0.695s] running install
[0.695s] running install_lib
[0.696s] creating /home/juan/ros2_ws/install/my_robot_controller/lib/python3.10/site-packages/my_robot_controller
[0.696s] copying /home/juan/ros2_ws/build/my_robot_controller/build/lib/my_robot_controller/__init__.py -> /home/juan/ros2_ws/install/my_robot_controller/lib/python3.10/site-packages/my_robot_controller
[0.696s] byte-compiling /home/juan/ros2_ws/install/my_robot_controller/lib/python3.10/site-packages/my_robot_controller/__init__.py to __init__.cpython-310.pyc
[0.696s] running install_data
[0.696s] creating /home/juan/ros2_ws/install/my_robot_controller/share/ament_index
[0.696s] creating /home/juan/ros2_ws/install/my_robot_controller/share/ament_index/resource_index
[0.696s] creating /home/juan/ros2_ws/install/my_robot_controller/share/ament_index/resource_index/packages
[0.697s] copying resource/my_robot_controller -> /home/juan/ros2_ws/install/my_robot_controller/share/ament_index/resource_index/packages
[0.697s] copying package.xml -> /home/juan/ros2_ws/install/my_robot_controller/share/my_robot_controller
[0.697s] running install_egg_info
[0.698s] Copying ../../build/my_robot_controller/my_robot_controller.egg-info to /home/juan/ros2_ws/install/my_robot_controller/lib/python3.10/site-packages/my_robot_controller-0.0.0-py3.10.egg-info
[0.698s] running install_scripts
[0.712s] writing list of installed files to '/home/juan/ros2_ws/build/my_robot_controller/install.log'
[0.729s] Invoked command in '/home/juan/ros2_ws/src/my_robot_controller' returned '0': PYTHONPATH=/home/juan/ros2_ws/build/my_robot_controller/prefix_override:/home/juan/ros2_ws/install/my_robot_controller/lib/python3.10/site-packages:${PYTHONPATH} /usr/bin/python3 setup.py egg_info --egg-base ../../build/my_robot_controller build --build-base /home/juan/ros2_ws/build/my_robot_controller/build install --record /home/juan/ros2_ws/build/my_robot_controller/install.log --single-version-externally-managed
