[0.632s] Invoking command in '/home/juan/ros2_ws/build/my_robot_controller': PYTHONPATH=/home/juan/ros2_ws/build/my_robot_controller/prefix_override:/home/juan/ros2_ws/install/my_robot_controller/lib/python3.10/site-packages:${PYTHONPATH} /usr/bin/python3 setup.py develop --uninstall --editable --build-directory /home/juan/ros2_ws/build/my_robot_controller/build
[0.820s] running develop
[0.928s] Removing /home/juan/ros2_ws/install/my_robot_controller/lib/python3.10/site-packages/my-robot-controller.egg-link (link to .)
[0.950s] Invoked command in '/home/juan/ros2_ws/build/my_robot_controller' returned '0': PYTHONPATH=/home/juan/ros2_ws/build/my_robot_controller/prefix_override:/home/juan/ros2_ws/install/my_robot_controller/lib/python3.10/site-packages:${PYTHONPATH} /usr/bin/python3 setup.py develop --uninstall --editable --build-directory /home/juan/ros2_ws/build/my_robot_controller/build
[0.951s] Invoking command in '/home/juan/ros2_ws/src/my_robot_controller': PYTHONPATH=/home/juan/ros2_ws/build/my_robot_controller/prefix_override:/home/juan/ros2_ws/install/my_robot_controller/lib/python3.10/site-packages:${PYTHONPATH} /usr/bin/python3 setup.py egg_info --egg-base ../../build/my_robot_controller build --build-base /home/juan/ros2_ws/build/my_robot_controller/build install --record /home/juan/ros2_ws/build/my_robot_controller/install.log --single-version-externally-managed
[1.124s] running egg_info
[1.124s] writing ../../build/my_robot_controller/my_robot_controller.egg-info/PKG-INFO
[1.124s] writing dependency_links to ../../build/my_robot_controller/my_robot_controller.egg-info/dependency_links.txt
[1.125s] writing entry points to ../../build/my_robot_controller/my_robot_controller.egg-info/entry_points.txt
[1.125s] writing requirements to ../../build/my_robot_controller/my_robot_controller.egg-info/requires.txt
[1.125s] writing top-level names to ../../build/my_robot_controller/my_robot_controller.egg-info/top_level.txt
[1.127s] reading manifest file '../../build/my_robot_controller/my_robot_controller.egg-info/SOURCES.txt'
[1.128s] writing manifest file '../../build/my_robot_controller/my_robot_controller.egg-info/SOURCES.txt'
[1.128s] running build
[1.128s] running build_py
[1.128s] copying my_robot_controller/turtle_bot_player.py -> /home/juan/ros2_ws/build/my_robot_controller/build/lib/my_robot_controller
[1.128s] copying my_robot_controller/turtle_bot_interface.py -> /home/juan/ros2_ws/build/my_robot_controller/build/lib/my_robot_controller
[1.128s] copying my_robot_controller/turtle_bot_teleop.py -> /home/juan/ros2_ws/build/my_robot_controller/build/lib/my_robot_controller
[1.128s] running install
[1.129s] running install_lib
[1.129s] creating /home/juan/ros2_ws/install/my_robot_controller/lib/python3.10/site-packages/my_robot_controller
[1.129s] copying /home/juan/ros2_ws/build/my_robot_controller/build/lib/my_robot_controller/my_first_node.py -> /home/juan/ros2_ws/install/my_robot_controller/lib/python3.10/site-packages/my_robot_controller
[1.130s] copying /home/juan/ros2_ws/build/my_robot_controller/build/lib/my_robot_controller/__init__.py -> /home/juan/ros2_ws/install/my_robot_controller/lib/python3.10/site-packages/my_robot_controller
[1.130s] copying /home/juan/ros2_ws/build/my_robot_controller/build/lib/my_robot_controller/turtle_bot_player.py -> /home/juan/ros2_ws/install/my_robot_controller/lib/python3.10/site-packages/my_robot_controller
[1.130s] copying /home/juan/ros2_ws/build/my_robot_controller/build/lib/my_robot_controller/turtle_bot_interface.py -> /home/juan/ros2_ws/install/my_robot_controller/lib/python3.10/site-packages/my_robot_controller
[1.130s] copying /home/juan/ros2_ws/build/my_robot_controller/build/lib/my_robot_controller/draw_circle.py -> /home/juan/ros2_ws/install/my_robot_controller/lib/python3.10/site-packages/my_robot_controller
[1.130s] copying /home/juan/ros2_ws/build/my_robot_controller/build/lib/my_robot_controller/turtle_bot_teleop.py -> /home/juan/ros2_ws/install/my_robot_controller/lib/python3.10/site-packages/my_robot_controller
[1.130s] copying /home/juan/ros2_ws/build/my_robot_controller/build/lib/my_robot_controller/key_selected.py -> /home/juan/ros2_ws/install/my_robot_controller/lib/python3.10/site-packages/my_robot_controller
[1.130s] byte-compiling /home/juan/ros2_ws/install/my_robot_controller/lib/python3.10/site-packages/my_robot_controller/my_first_node.py to my_first_node.cpython-310.pyc
[1.131s] byte-compiling /home/juan/ros2_ws/install/my_robot_controller/lib/python3.10/site-packages/my_robot_controller/__init__.py to __init__.cpython-310.pyc
[1.131s] byte-compiling /home/juan/ros2_ws/install/my_robot_controller/lib/python3.10/site-packages/my_robot_controller/turtle_bot_player.py to turtle_bot_player.cpython-310.pyc
[1.132s] byte-compiling /home/juan/ros2_ws/install/my_robot_controller/lib/python3.10/site-packages/my_robot_controller/turtle_bot_interface.py to turtle_bot_interface.cpython-310.pyc
[1.133s] byte-compiling /home/juan/ros2_ws/install/my_robot_controller/lib/python3.10/site-packages/my_robot_controller/draw_circle.py to draw_circle.cpython-310.pyc
[1.134s] byte-compiling /home/juan/ros2_ws/install/my_robot_controller/lib/python3.10/site-packages/my_robot_controller/turtle_bot_teleop.py to turtle_bot_teleop.cpython-310.pyc
[1.135s] byte-compiling /home/juan/ros2_ws/install/my_robot_controller/lib/python3.10/site-packages/my_robot_controller/key_selected.py to key_selected.cpython-310.pyc
[1.135s] running install_data
[1.136s] running install_egg_info
[1.137s] Copying ../../build/my_robot_controller/my_robot_controller.egg-info to /home/juan/ros2_ws/install/my_robot_controller/lib/python3.10/site-packages/my_robot_controller-0.0.0-py3.10.egg-info
[1.138s] running install_scripts
[1.155s] Installing 1_turtle_bot_teleop script to /home/juan/ros2_ws/install/my_robot_controller/lib/my_robot_controller
[1.156s] Installing 2_turtle_bot_interface script to /home/juan/ros2_ws/install/my_robot_controller/lib/my_robot_controller
[1.156s] Installing 3_turtle_bot_player script to /home/juan/ros2_ws/install/my_robot_controller/lib/my_robot_controller
[1.156s] writing list of installed files to '/home/juan/ros2_ws/build/my_robot_controller/install.log'
[1.175s] Invoked command in '/home/juan/ros2_ws/src/my_robot_controller' returned '0': PYTHONPATH=/home/juan/ros2_ws/build/my_robot_controller/prefix_override:/home/juan/ros2_ws/install/my_robot_controller/lib/python3.10/site-packages:${PYTHONPATH} /usr/bin/python3 setup.py egg_info --egg-base ../../build/my_robot_controller build --build-base /home/juan/ros2_ws/build/my_robot_controller/build install --record /home/juan/ros2_ws/build/my_robot_controller/install.log --single-version-externally-managed
