running develop
Removing /home/juan/ros2_ws/install/my_robot_controller/lib/python3.10/site-packages/my-robot-controller.egg-link (link to .)
running egg_info
writing ../../build/my_robot_controller/my_robot_controller.egg-info/PKG-INFO
writing dependency_links to ../../build/my_robot_controller/my_robot_controller.egg-info/dependency_links.txt
writing entry points to ../../build/my_robot_controller/my_robot_controller.egg-info/entry_points.txt
writing requirements to ../../build/my_robot_controller/my_robot_controller.egg-info/requires.txt
writing top-level names to ../../build/my_robot_controller/my_robot_controller.egg-info/top_level.txt
reading manifest file '../../build/my_robot_controller/my_robot_controller.egg-info/SOURCES.txt'
writing manifest file '../../build/my_robot_controller/my_robot_controller.egg-info/SOURCES.txt'
running build
running build_py
copying my_robot_controller/turtle_bot_interface.py -> /home/juan/ros2_ws/build/my_robot_controller/build/lib/my_robot_controller
copying my_robot_controller/turtle_bot_teleop.py -> /home/juan/ros2_ws/build/my_robot_controller/build/lib/my_robot_controller
running install
running install_lib
copying /home/juan/ros2_ws/build/my_robot_controller/build/lib/my_robot_controller/my_first_node.py -> /home/juan/ros2_ws/install/my_robot_controller/lib/python3.10/site-packages/my_robot_controller
copying /home/juan/ros2_ws/build/my_robot_controller/build/lib/my_robot_controller/__init__.py -> /home/juan/ros2_ws/install/my_robot_controller/lib/python3.10/site-packages/my_robot_controller
copying /home/juan/ros2_ws/build/my_robot_controller/build/lib/my_robot_controller/turtle_bot_player.py -> /home/juan/ros2_ws/install/my_robot_controller/lib/python3.10/site-packages/my_robot_controller
copying /home/juan/ros2_ws/build/my_robot_controller/build/lib/my_robot_controller/turtle_bot_interface.py -> /home/juan/ros2_ws/install/my_robot_controller/lib/python3.10/site-packages/my_robot_controller
copying /home/juan/ros2_ws/build/my_robot_controller/build/lib/my_robot_controller/draw_circle.py -> /home/juan/ros2_ws/install/my_robot_controller/lib/python3.10/site-packages/my_robot_controller
copying /home/juan/ros2_ws/build/my_robot_controller/build/lib/my_robot_controller/turtle_bot_teleop.py -> /home/juan/ros2_ws/install/my_robot_controller/lib/python3.10/site-packages/my_robot_controller
byte-compiling /home/juan/ros2_ws/install/my_robot_controller/lib/python3.10/site-packages/my_robot_controller/my_first_node.py to my_first_node.cpython-310.pyc
byte-compiling /home/juan/ros2_ws/install/my_robot_controller/lib/python3.10/site-packages/my_robot_controller/__init__.py to __init__.cpython-310.pyc
byte-compiling /home/juan/ros2_ws/install/my_robot_controller/lib/python3.10/site-packages/my_robot_controller/turtle_bot_player.py to turtle_bot_player.cpython-310.pyc
byte-compiling /home/juan/ros2_ws/install/my_robot_controller/lib/python3.10/site-packages/my_robot_controller/turtle_bot_interface.py to turtle_bot_interface.cpython-310.pyc
byte-compiling /home/juan/ros2_ws/install/my_robot_controller/lib/python3.10/site-packages/my_robot_controller/draw_circle.py to draw_circle.cpython-310.pyc
byte-compiling /home/juan/ros2_ws/install/my_robot_controller/lib/python3.10/site-packages/my_robot_controller/turtle_bot_teleop.py to turtle_bot_teleop.cpython-310.pyc
running install_data
running install_egg_info
Copying ../../build/my_robot_controller/my_robot_controller.egg-info to /home/juan/ros2_ws/install/my_robot_controller/lib/python3.10/site-packages/my_robot_controller-0.0.0-py3.10.egg-info
running install_scripts
Installing 1_turtle_bot_teleop script to /home/juan/ros2_ws/install/my_robot_controller/lib/my_robot_controller
Installing 2_turtle_bot_interface script to /home/juan/ros2_ws/install/my_robot_controller/lib/my_robot_controller
Installing 3_turtle_bot_player script to /home/juan/ros2_ws/install/my_robot_controller/lib/my_robot_controller
writing list of installed files to '/home/juan/ros2_ws/build/my_robot_controller/install.log'
