[0.451s] Invoking command in '/home/juan/ros2_ws/src/my_robot_controller': PYTHONPATH=/home/juan/ros2_ws/build/my_robot_controller/prefix_override:/home/juan/ros2_ws/install/my_robot_controller/lib/python3.10/site-packages:${PYTHONPATH} /usr/bin/python3 setup.py egg_info --egg-base ../../build/my_robot_controller build --build-base /home/juan/ros2_ws/build/my_robot_controller/build install --record /home/juan/ros2_ws/build/my_robot_controller/install.log --single-version-externally-managed
[0.598s] running egg_info
[0.598s] writing ../../build/my_robot_controller/my_robot_controller.egg-info/PKG-INFO
[0.599s] writing dependency_links to ../../build/my_robot_controller/my_robot_controller.egg-info/dependency_links.txt
[0.599s] writing entry points to ../../build/my_robot_controller/my_robot_controller.egg-info/entry_points.txt
[0.599s] writing requirements to ../../build/my_robot_controller/my_robot_controller.egg-info/requires.txt
[0.599s] writing top-level names to ../../build/my_robot_controller/my_robot_controller.egg-info/top_level.txt
[0.600s] reading manifest file '../../build/my_robot_controller/my_robot_controller.egg-info/SOURCES.txt'
[0.600s] writing manifest file '../../build/my_robot_controller/my_robot_controller.egg-info/SOURCES.txt'
[0.600s] running build
[0.600s] running build_py
[0.601s] copying my_robot_controller/key_selected.py -> /home/juan/ros2_ws/build/my_robot_controller/build/lib/my_robot_controller
[0.601s] running install
[0.601s] running install_lib
[0.601s] copying /home/juan/ros2_ws/build/my_robot_controller/build/lib/my_robot_controller/key_selected.py -> /home/juan/ros2_ws/install/my_robot_controller/lib/python3.10/site-packages/my_robot_controller
[0.601s] byte-compiling /home/juan/ros2_ws/install/my_robot_controller/lib/python3.10/site-packages/my_robot_controller/key_selected.py to key_selected.cpython-310.pyc
[0.602s] running install_data
[0.602s] running install_egg_info
[0.603s] removing '/home/juan/ros2_ws/install/my_robot_controller/lib/python3.10/site-packages/my_robot_controller-0.0.0-py3.10.egg-info' (and everything under it)
[0.603s] Copying ../../build/my_robot_controller/my_robot_controller.egg-info to /home/juan/ros2_ws/install/my_robot_controller/lib/python3.10/site-packages/my_robot_controller-0.0.0-py3.10.egg-info
[0.603s] running install_scripts
[0.616s] Installing draw_circle script to /home/juan/ros2_ws/install/my_robot_controller/lib/my_robot_controller
[0.616s] Installing select_key script to /home/juan/ros2_ws/install/my_robot_controller/lib/my_robot_controller
[0.616s] writing list of installed files to '/home/juan/ros2_ws/build/my_robot_controller/install.log'
[0.630s] Invoked command in '/home/juan/ros2_ws/src/my_robot_controller' returned '0': PYTHONPATH=/home/juan/ros2_ws/build/my_robot_controller/prefix_override:/home/juan/ros2_ws/install/my_robot_controller/lib/python3.10/site-packages:${PYTHONPATH} /usr/bin/python3 setup.py egg_info --egg-base ../../build/my_robot_controller build --build-base /home/juan/ros2_ws/build/my_robot_controller/build install --record /home/juan/ros2_ws/build/my_robot_controller/install.log --single-version-externally-managed
