[0.464s] Invoking command in '/home/juan/ros2_ws/build/my_robot_controller': PYTHONPATH=/home/juan/ros2_ws/build/my_robot_controller/prefix_override:/home/juan/ros2_ws/install/my_robot_controller/lib/python3.10/site-packages:${PYTHONPATH} /usr/bin/python3 setup.py develop --uninstall --editable --build-directory /home/juan/ros2_ws/build/my_robot_controller/build
[0.623s] running develop
[0.714s] Removing /home/juan/ros2_ws/install/my_robot_controller/lib/python3.10/site-packages/my-robot-controller.egg-link (link to .)
[0.731s] Invoked command in '/home/juan/ros2_ws/build/my_robot_controller' returned '0': PYTHONPATH=/home/juan/ros2_ws/build/my_robot_controller/prefix_override:/home/juan/ros2_ws/install/my_robot_controller/lib/python3.10/site-packages:${PYTHONPATH} /usr/bin/python3 setup.py develop --uninstall --editable --build-directory /home/juan/ros2_ws/build/my_robot_controller/build
[0.732s] Invoking command in '/home/juan/ros2_ws/src/my_robot_controller': PYTHONPATH=/home/juan/ros2_ws/build/my_robot_controller/prefix_override:/home/juan/ros2_ws/install/my_robot_controller/lib/python3.10/site-packages:${PYTHONPATH} /usr/bin/python3 setup.py egg_info --egg-base ../../build/my_robot_controller build --build-base /home/juan/ros2_ws/build/my_robot_controller/build install --record /home/juan/ros2_ws/build/my_robot_controller/install.log --single-version-externally-managed
[0.878s] running egg_info
[0.878s] writing ../../build/my_robot_controller/my_robot_controller.egg-info/PKG-INFO
[0.878s] writing dependency_links to ../../build/my_robot_controller/my_robot_controller.egg-info/dependency_links.txt
[0.879s] writing entry points to ../../build/my_robot_controller/my_robot_controller.egg-info/entry_points.txt
[0.879s] writing requirements to ../../build/my_robot_controller/my_robot_controller.egg-info/requires.txt
[0.879s] writing top-level names to ../../build/my_robot_controller/my_robot_controller.egg-info/top_level.txt
[0.880s] reading manifest file '../../build/my_robot_controller/my_robot_controller.egg-info/SOURCES.txt'
[0.880s] writing manifest file '../../build/my_robot_controller/my_robot_controller.egg-info/SOURCES.txt'
[0.880s] running build
[0.880s] running build_py
[0.880s] copying my_robot_controller/my_first_node.py -> /home/juan/ros2_ws/build/my_robot_controller/build/lib/my_robot_controller
[0.881s] copying my_robot_controller/draw_circle.py -> /home/juan/ros2_ws/build/my_robot_controller/build/lib/my_robot_controller
[0.881s] copying my_robot_controller/key_selected.py -> /home/juan/ros2_ws/build/my_robot_controller/build/lib/my_robot_controller
[0.881s] running install
[0.881s] running install_lib
[0.881s] creating /home/juan/ros2_ws/install/my_robot_controller/lib/python3.10/site-packages/my_robot_controller
[0.881s] copying /home/juan/ros2_ws/build/my_robot_controller/build/lib/my_robot_controller/my_first_node.py -> /home/juan/ros2_ws/install/my_robot_controller/lib/python3.10/site-packages/my_robot_controller
[0.881s] copying /home/juan/ros2_ws/build/my_robot_controller/build/lib/my_robot_controller/__init__.py -> /home/juan/ros2_ws/install/my_robot_controller/lib/python3.10/site-packages/my_robot_controller
[0.881s] copying /home/juan/ros2_ws/build/my_robot_controller/build/lib/my_robot_controller/draw_circle.py -> /home/juan/ros2_ws/install/my_robot_controller/lib/python3.10/site-packages/my_robot_controller
[0.881s] copying /home/juan/ros2_ws/build/my_robot_controller/build/lib/my_robot_controller/key_selected.py -> /home/juan/ros2_ws/install/my_robot_controller/lib/python3.10/site-packages/my_robot_controller
[0.881s] byte-compiling /home/juan/ros2_ws/install/my_robot_controller/lib/python3.10/site-packages/my_robot_controller/my_first_node.py to my_first_node.cpython-310.pyc
[0.882s] byte-compiling /home/juan/ros2_ws/install/my_robot_controller/lib/python3.10/site-packages/my_robot_controller/__init__.py to __init__.cpython-310.pyc
[0.882s] byte-compiling /home/juan/ros2_ws/install/my_robot_controller/lib/python3.10/site-packages/my_robot_controller/draw_circle.py to draw_circle.cpython-310.pyc
[0.882s] byte-compiling /home/juan/ros2_ws/install/my_robot_controller/lib/python3.10/site-packages/my_robot_controller/key_selected.py to key_selected.cpython-310.pyc
[0.882s] running install_data
[0.882s] copying package.xml -> /home/juan/ros2_ws/install/my_robot_controller/share/my_robot_controller
[0.882s] running install_egg_info
[0.883s] Copying ../../build/my_robot_controller/my_robot_controller.egg-info to /home/juan/ros2_ws/install/my_robot_controller/lib/python3.10/site-packages/my_robot_controller-0.0.0-py3.10.egg-info
[0.884s] running install_scripts
[0.896s] Installing draw_circle script to /home/juan/ros2_ws/install/my_robot_controller/lib/my_robot_controller
[0.896s] Installing select_key script to /home/juan/ros2_ws/install/my_robot_controller/lib/my_robot_controller
[0.896s] writing list of installed files to '/home/juan/ros2_ws/build/my_robot_controller/install.log'
[0.910s] Invoked command in '/home/juan/ros2_ws/src/my_robot_controller' returned '0': PYTHONPATH=/home/juan/ros2_ws/build/my_robot_controller/prefix_override:/home/juan/ros2_ws/install/my_robot_controller/lib/python3.10/site-packages:${PYTHONPATH} /usr/bin/python3 setup.py egg_info --egg-base ../../build/my_robot_controller build --build-base /home/juan/ros2_ws/build/my_robot_controller/build install --record /home/juan/ros2_ws/build/my_robot_controller/install.log --single-version-externally-managed
